<?xml version="1.0" encoding="UTF-8"?>
<!-- Generated by org.testng.reporters.JUnitReportReporter -->
<testsuite hostname="DESKTOP-OS9HIGU" name="com.cucumberFramework.testRunner.TestRunner" tests="2" failures="0" timestamp="22 Jul 2020 10:42:11 GMT" time="33.689" errors="0">
  <testcase name="feature" time="18.053" classname="com.cucumberFramework.testRunner.TestRunner"/>
  <testcase name="feature" time="15.636" classname="com.cucumberFramework.testRunner.TestRunner"/>
</testsuite> <!-- com.cucumberFramework.testRunner.TestRunner -->
